# JRE version: OpenJDK Runtime Environment (8.0_152-b02) (build 1.8.0_152-release-1024-b02)
# Java VM: OpenJDK 64-Bit Server VM (25.152-b02 mixed mode windows-amd64 compressed oops)
Heap:
 PSYoungGen      total 74240K, used 30415K [0x00000000fab00000, 0x0000000100000000, 0x0000000100000000)
  eden space 62464K, 30% used [0x00000000fab00000,0x00000000fbd5b320,0x00000000fe800000)
  from space 11776K, 98% used [0x00000000fe800000,0x00000000ff358a40,0x00000000ff380000)
  to   space 12800K, 0% used [0x00000000ff380000,0x00000000ff380000,0x0000000100000000)
 ParOldGen       total 102400K, used 17457K [0x00000000f0000000, 0x00000000f6400000, 0x00000000fab00000)
  object space 102400K, 17% used [0x00000000f0000000,0x00000000f110c6f0,0x00000000f6400000)
 Metaspace       used 44538K, capacity 45572K, committed 45696K, reserved 1089536K
  class space    used 6102K, capacity 6438K, committed 6528K, reserved 1048576K
GC Heap History (10 events):
Event: 7.165 GC heap before
{Heap before GC invocations=9 (full 1):
 PSYoungGen      total 70656K, used 67374K [0x00000000fab00000, 0x0000000100000000, 0x0000000100000000)
  eden space 60416K, 100% used [0x00000000fab00000,0x00000000fe600000,0x00000000fe600000)
  from space 10240K, 67% used [0x00000000fe600000,0x00000000feccb888,0x00000000ff000000)
  to   space 10240K, 0% used [0x00000000ff600000,0x00000000ff600000,0x0000000100000000)
 ParOldGen       total 64000K, used 8191K [0x00000000f0000000, 0x00000000f3e80000, 0x00000000fab00000)
  object space 64000K, 12% used [0x00000000f0000000,0x00000000f07ffc88,0x00000000f3e80000)
 Metaspace       used 30816K, capacity 31434K, committed 31744K, reserved 1077248K
  class space    used 4304K, capacity 4522K, committed 4608K, reserved 1048576K
Event: 7.179 GC heap after
Heap after GC invocations=9 (full 1):
 PSYoungGen      total 73728K, used 10222K [0x00000000fab00000, 0x0000000100000000, 0x0000000100000000)
  eden space 63488K, 0% used [0x00000000fab00000,0x00000000fab00000,0x00000000fe900000)
  from space 10240K, 99% used [0x00000000ff600000,0x00000000ffffbaf8,0x0000000100000000)
  to   space 11776K, 0% used [0x00000000fe900000,0x00000000fe900000,0x00000000ff480000)
 ParOldGen       total 64000K, used 8481K [0x00000000f0000000, 0x00000000f3e80000, 0x00000000fab00000)
  object space 64000K, 13% used [0x00000000f0000000,0x00000000f0848650,0x00000000f3e80000)
 Metaspace       used 30816K, capacity 31434K, committed 31744K, reserved 1077248K
  class space    used 4304K, capacity 4522K, committed 4608K, reserved 1048576K
}
Event: 10.480 GC heap before
{Heap before GC invocations=10 (full 1):
 PSYoungGen      total 73728K, used 36322K [0x00000000fab00000, 0x0000000100000000, 0x0000000100000000)
  eden space 63488K, 41% used [0x00000000fab00000,0x00000000fc47ceb8,0x00000000fe900000)
  from space 10240K, 99% used [0x00000000ff600000,0x00000000ffffbaf8,0x0000000100000000)
  to   space 11776K, 0% used [0x00000000fe900000,0x00000000fe900000,0x00000000ff480000)
 ParOldGen       total 64000K, used 8481K [0x00000000f0000000, 0x00000000f3e80000, 0x00000000fab00000)
  object space 64000K, 13% used [0x00000000f0000000,0x00000000f0848650,0x00000000f3e80000)
 Metaspace       used 34596K, capacity 35366K, committed 35416K, reserved 1079296K
  class space    used 4818K, capacity 5092K, committed 5120K, reserved 1048576K
Event: 10.506 GC heap after
Heap after GC invocations=10 (full 1):
 PSYoungGen      total 74752K, used 11154K [0x00000000fab00000, 0x0000000100000000, 0x0000000100000000)
  eden space 63488K, 0% used [0x00000000fab00000,0x00000000fab00000,0x00000000fe900000)
  from space 11264K, 99% used [0x00000000fe900000,0x00000000ff3e4a28,0x00000000ff400000)
  to   space 12288K, 0% used [0x00000000ff400000,0x00000000ff400000,0x0000000100000000)
 ParOldGen       total 64000K, used 8489K [0x00000000f0000000, 0x00000000f3e80000, 0x00000000fab00000)
  object space 64000K, 13% used [0x00000000f0000000,0x00000000f084a650,0x00000000f3e80000)
 Metaspace       used 34596K, capacity 35366K, committed 35416K, reserved 1079296K
  class space    used 4818K, capacity 5092K, committed 5120K, reserved 1048576K
}
Event: 10.506 GC heap before
{Heap before GC invocations=11 (full 2):
 PSYoungGen      total 74752K, used 11154K [0x00000000fab00000, 0x0000000100000000, 0x0000000100000000)
  eden space 63488K, 0% used [0x00000000fab00000,0x00000000fab00000,0x00000000fe900000)
  from space 11264K, 99% used [0x00000000fe900000,0x00000000ff3e4a28,0x00000000ff400000)
  to   space 12288K, 0% used [0x00000000ff400000,0x00000000ff400000,0x0000000100000000)
 ParOldGen       total 64000K, used 8489K [0x00000000f0000000, 0x00000000f3e80000, 0x00000000fab00000)
  object space 64000K, 13% used [0x00000000f0000000,0x00000000f084a650,0x00000000f3e80000)
 Metaspace       used 34596K, capacity 35366K, committed 35416K, reserved 1079296K
  class space    used 4818K, capacity 5092K, committed 5120K, reserved 1048576K
Event: 10.597 GC heap after
Heap after GC invocations=11 (full 2):
 PSYoungGen      total 74752K, used 0K [0x00000000fab00000, 0x0000000100000000, 0x0000000100000000)
  eden space 63488K, 0% used [0x00000000fab00000,0x00000000fab00000,0x00000000fe900000)
  from space 11264K, 0% used [0x00000000fe900000,0x00000000fe900000,0x00000000ff400000)
  to   space 12288K, 0% used [0x00000000ff400000,0x00000000ff400000,0x0000000100000000)
 ParOldGen       total 102400K, used 17441K [0x00000000f0000000, 0x00000000f6400000, 0x00000000fab00000)
  object space 102400K, 17% used [0x00000000f0000000,0x00000000f11086f0,0x00000000f6400000)
 Metaspace       used 34596K, capacity 35366K, committed 35416K, reserved 1079296K
  class space    used 4818K, capacity 5092K, committed 5120K, reserved 1048576K
}
Event: 11.478 GC heap before
{Heap before GC invocations=12 (full 2):
 PSYoungGen      total 74752K, used 63488K [0x00000000fab00000, 0x0000000100000000, 0x0000000100000000)
  eden space 63488K, 100% used [0x00000000fab00000,0x00000000fe900000,0x00000000fe900000)
  from space 11264K, 0% used [0x00000000fe900000,0x00000000fe900000,0x00000000ff400000)
  to   space 12288K, 0% used [0x00000000ff400000,0x00000000ff400000,0x0000000100000000)
 ParOldGen       total 102400K, used 17441K [0x00000000f0000000, 0x00000000f6400000, 0x00000000fab00000)
  object space 102400K, 17% used [0x00000000f0000000,0x00000000f11086f0,0x00000000f6400000)
 Metaspace       used 38884K, capacity 39692K, committed 39936K, reserved 1083392K
  class space    used 5305K, capacity 5595K, committed 5632K, reserved 1048576K
Event: 11.484 GC heap after
Heap after GC invocations=12 (full 2):
 PSYoungGen      total 74752K, used 5957K [0x00000000fab00000, 0x0000000100000000, 0x0000000100000000)
  eden space 62464K, 0% used [0x00000000fab00000,0x00000000fab00000,0x00000000fe800000)
  from space 12288K, 48% used [0x00000000ff400000,0x00000000ff9d14e0,0x0000000100000000)
  to   space 12288K, 0% used [0x00000000fe800000,0x00000000fe800000,0x00000000ff400000)
 ParOldGen       total 102400K, used 17449K [0x00000000f0000000, 0x00000000f6400000, 0x00000000fab00000)
  object space 102400K, 17% used [0x00000000f0000000,0x00000000f110a6f0,0x00000000f6400000)
 Metaspace       used 38884K, capacity 39692K, committed 39936K, reserved 1083392K
  class space    used 5305K, capacity 5595K, committed 5632K, reserved 1048576K
}
Event: 12.371 GC heap before
{Heap before GC invocations=13 (full 2):
 PSYoungGen      total 74752K, used 68421K [0x00000000fab00000, 0x0000000100000000, 0x0000000100000000)
  eden space 62464K, 100% used [0x00000000fab00000,0x00000000fe800000,0x00000000fe800000)
  from space 12288K, 48% used [0x00000000ff400000,0x00000000ff9d14e0,0x0000000100000000)
  to   space 12288K, 0% used [0x00000000fe800000,0x00000000fe800000,0x00000000ff400000)
 ParOldGen       total 102400K, used 17449K [0x00000000f0000000, 0x00000000f6400000, 0x00000000fab00000)
  object space 102400K, 17% used [0x00000000f0000000,0x00000000f110a6f0,0x00000000f6400000)
 Metaspace       used 43063K, capacity 44086K, committed 44416K, reserved 1087488K
  class space    used 5857K, capacity 6169K, committed 6272K, reserved 1048576K
Event: 12.380 GC heap after
Heap after GC invocations=13 (full 2):
 PSYoungGen      total 74240K, used 11618K [0x00000000fab00000, 0x0000000100000000, 0x0000000100000000)
  eden space 62464K, 0% used [0x00000000fab00000,0x00000000fab00000,0x00000000fe800000)
  from space 11776K, 98% used [0x00000000fe800000,0x00000000ff358a40,0x00000000ff380000)
  to   space 12800K, 0% used [0x00000000ff380000,0x00000000ff380000,0x0000000100000000)
 ParOldGen       total 102400K, used 17457K [0x00000000f0000000, 0x00000000f6400000, 0x00000000fab00000)
  object space 102400K, 17% used [0x00000000f0000000,0x00000000f110c6f0,0x00000000f6400000)
 Metaspace       used 43063K, capacity 44086K, committed 44416K, reserved 1087488K
  class space    used 5857K, capacity 6169K, committed 6272K, reserved 1048576K
}

