# JRE version: OpenJDK Runtime Environment (8.0_152-b02) (build 1.8.0_152-release-1024-b02)
# Java VM: OpenJDK 64-Bit Server VM (25.152-b02 mixed mode windows-amd64 compressed oops)
Heap:
 PSYoungGen      total 96256K, used 92421K [0x00000000e0000000, 0x00000000e9e80000, 0x0000000100000000)
  eden space 72192K, 94% used [0x00000000e0000000,0x00000000e42c4f70,0x00000000e4680000)
  from space 24064K, 99% used [0x00000000e4680000,0x00000000e5dfc608,0x00000000e5e00000)
  to   space 30720K, 0% used [0x00000000e8080000,0x00000000e8080000,0x00000000e9e80000)
 ParOldGen       total 111616K, used 24507K [0x00000000a0000000, 0x00000000a6d00000, 0x00000000e0000000)
  object space 111616K, 21% used [0x00000000a0000000,0x00000000a17eeef0,0x00000000a6d00000)
 Metaspace       used 54616K, capacity 55587K, committed 55848K, reserved 1097728K
  class space    used 6614K, capacity 6841K, committed 6960K, reserved 1048576K
GC Heap History (10 events):
Event: 3.746 GC heap before
{Heap before GC invocations=8 (full 2):
 PSYoungGen      total 71680K, used 13462K [0x00000000e0000000, 0x00000000e4b80000, 0x0000000100000000)
  eden space 66560K, 12% used [0x00000000e0000000,0x00000000e08296d8,0x00000000e4100000)
  from space 5120K, 99% used [0x00000000e4100000,0x00000000e45fc518,0x00000000e4600000)
  to   space 5120K, 0% used [0x00000000e4680000,0x00000000e4680000,0x00000000e4b80000)
 ParOldGen       total 70144K, used 24027K [0x00000000a0000000, 0x00000000a4480000, 0x00000000e0000000)
  object space 70144K, 34% used [0x00000000a0000000,0x00000000a1776c10,0x00000000a4480000)
 Metaspace       used 34686K, capacity 35156K, committed 35496K, reserved 1081344K
  class space    used 4333K, capacity 4460K, committed 4528K, reserved 1048576K
Event: 3.753 GC heap after
Heap after GC invocations=8 (full 2):
 PSYoungGen      total 60928K, used 5090K [0x00000000e0000000, 0x00000000e8180000, 0x0000000100000000)
  eden space 55808K, 0% used [0x00000000e0000000,0x00000000e0000000,0x00000000e3680000)
  from space 5120K, 99% used [0x00000000e4680000,0x00000000e4b78968,0x00000000e4b80000)
  to   space 16384K, 0% used [0x00000000e3680000,0x00000000e3680000,0x00000000e4680000)
 ParOldGen       total 70144K, used 25299K [0x00000000a0000000, 0x00000000a4480000, 0x00000000e0000000)
  object space 70144K, 36% used [0x00000000a0000000,0x00000000a18b4c20,0x00000000a4480000)
 Metaspace       used 34686K, capacity 35156K, committed 35496K, reserved 1081344K
  class space    used 4333K, capacity 4460K, committed 4528K, reserved 1048576K
}
Event: 3.753 GC heap before
{Heap before GC invocations=9 (full 3):
 PSYoungGen      total 60928K, used 5090K [0x00000000e0000000, 0x00000000e8180000, 0x0000000100000000)
  eden space 55808K, 0% used [0x00000000e0000000,0x00000000e0000000,0x00000000e3680000)
  from space 5120K, 99% used [0x00000000e4680000,0x00000000e4b78968,0x00000000e4b80000)
  to   space 16384K, 0% used [0x00000000e3680000,0x00000000e3680000,0x00000000e4680000)
 ParOldGen       total 70144K, used 25299K [0x00000000a0000000, 0x00000000a4480000, 0x00000000e0000000)
  object space 70144K, 36% used [0x00000000a0000000,0x00000000a18b4c20,0x00000000a4480000)
 Metaspace       used 34686K, capacity 35156K, committed 35496K, reserved 1081344K
  class space    used 4333K, capacity 4460K, committed 4528K, reserved 1048576K
Event: 3.828 GC heap after
Heap after GC invocations=9 (full 3):
 PSYoungGen      total 60928K, used 0K [0x00000000e0000000, 0x00000000e8180000, 0x0000000100000000)
  eden space 55808K, 0% used [0x00000000e0000000,0x00000000e0000000,0x00000000e3680000)
  from space 5120K, 0% used [0x00000000e4680000,0x00000000e4680000,0x00000000e4b80000)
  to   space 16384K, 0% used [0x00000000e3680000,0x00000000e3680000,0x00000000e4680000)
 ParOldGen       total 111616K, used 13554K [0x00000000a0000000, 0x00000000a6d00000, 0x00000000e0000000)
  object space 111616K, 12% used [0x00000000a0000000,0x00000000a0d3ca28,0x00000000a6d00000)
 Metaspace       used 34686K, capacity 35156K, committed 35496K, reserved 1081344K
  class space    used 4333K, capacity 4460K, committed 4528K, reserved 1048576K
}
Event: 4.573 GC heap before
{Heap before GC invocations=10 (full 3):
 PSYoungGen      total 60928K, used 55808K [0x00000000e0000000, 0x00000000e8180000, 0x0000000100000000)
  eden space 55808K, 100% used [0x00000000e0000000,0x00000000e3680000,0x00000000e3680000)
  from space 5120K, 0% used [0x00000000e4680000,0x00000000e4680000,0x00000000e4b80000)
  to   space 16384K, 0% used [0x00000000e3680000,0x00000000e3680000,0x00000000e4680000)
 ParOldGen       total 111616K, used 13554K [0x00000000a0000000, 0x00000000a6d00000, 0x00000000e0000000)
  object space 111616K, 12% used [0x00000000a0000000,0x00000000a0d3ca28,0x00000000a6d00000)
 Metaspace       used 38369K, capacity 38900K, committed 39208K, reserved 1083392K
  class space    used 4763K, capacity 4892K, committed 4912K, reserved 1048576K
Event: 4.585 GC heap after
Heap after GC invocations=10 (full 3):
 PSYoungGen      total 72192K, used 16299K [0x00000000e0000000, 0x00000000e7100000, 0x0000000100000000)
  eden space 55808K, 0% used [0x00000000e0000000,0x00000000e0000000,0x00000000e3680000)
  from space 16384K, 99% used [0x00000000e3680000,0x00000000e466af60,0x00000000e4680000)
  to   space 19456K, 0% used [0x00000000e5e00000,0x00000000e5e00000,0x00000000e7100000)
 ParOldGen       total 111616K, used 13562K [0x00000000a0000000, 0x00000000a6d00000, 0x00000000e0000000)
  object space 111616K, 12% used [0x00000000a0000000,0x00000000a0d3ea28,0x00000000a6d00000)
 Metaspace       used 38369K, capacity 38900K, committed 39208K, reserved 1083392K
  class space    used 4763K, capacity 4892K, committed 4912K, reserved 1048576K
}
Event: 5.579 GC heap before
{Heap before GC invocations=11 (full 3):
 PSYoungGen      total 72192K, used 71442K [0x00000000e0000000, 0x00000000e7100000, 0x0000000100000000)
  eden space 55808K, 98% used [0x00000000e0000000,0x00000000e35d9ab8,0x00000000e3680000)
  from space 16384K, 99% used [0x00000000e3680000,0x00000000e466af60,0x00000000e4680000)
  to   space 19456K, 0% used [0x00000000e5e00000,0x00000000e5e00000,0x00000000e7100000)
 ParOldGen       total 111616K, used 13562K [0x00000000a0000000, 0x00000000a6d00000, 0x00000000e0000000)
  object space 111616K, 12% used [0x00000000a0000000,0x00000000a0d3ea28,0x00000000a6d00000)
 Metaspace       used 41898K, capacity 42551K, committed 43048K, reserved 1087488K
  class space    used 5142K, capacity 5311K, committed 5424K, reserved 1048576K
Event: 5.599 GC heap after
Heap after GC invocations=11 (full 3):
 PSYoungGen      total 91648K, used 19436K [0x00000000e0000000, 0x00000000e7a80000, 0x0000000100000000)
  eden space 72192K, 0% used [0x00000000e0000000,0x00000000e0000000,0x00000000e4680000)
  from space 19456K, 99% used [0x00000000e5e00000,0x00000000e70fb310,0x00000000e7100000)
  to   space 24064K, 0% used [0x00000000e4680000,0x00000000e4680000,0x00000000e5e00000)
 ParOldGen       total 111616K, used 16791K [0x00000000a0000000, 0x00000000a6d00000, 0x00000000e0000000)
  object space 111616K, 15% used [0x00000000a0000000,0x00000000a1065df0,0x00000000a6d00000)
 Metaspace       used 41898K, capacity 42551K, committed 43048K, reserved 1087488K
  class space    used 5142K, capacity 5311K, committed 5424K, reserved 1048576K
}
Event: 6.837 GC heap before
{Heap before GC invocations=12 (full 3):
 PSYoungGen      total 91648K, used 91628K [0x00000000e0000000, 0x00000000e7a80000, 0x0000000100000000)
  eden space 72192K, 100% used [0x00000000e0000000,0x00000000e4680000,0x00000000e4680000)
  from space 19456K, 99% used [0x00000000e5e00000,0x00000000e70fb310,0x00000000e7100000)
  to   space 24064K, 0% used [0x00000000e4680000,0x00000000e4680000,0x00000000e5e00000)
 ParOldGen       total 111616K, used 16791K [0x00000000a0000000, 0x00000000a6d00000, 0x00000000e0000000)
  object space 111616K, 15% used [0x00000000a0000000,0x00000000a1065df0,0x00000000a6d00000)
 Metaspace       used 46407K, capacity 47151K, committed 47400K, reserved 1091584K
  class space    used 5694K, capacity 5875K, committed 5936K, reserved 1048576K
Event: 6.871 GC heap after
Heap after GC invocations=12 (full 3):
 PSYoungGen      total 96256K, used 24049K [0x00000000e0000000, 0x00000000e9e80000, 0x0000000100000000)
  eden space 72192K, 0% used [0x00000000e0000000,0x00000000e0000000,0x00000000e4680000)
  from space 24064K, 99% used [0x00000000e4680000,0x00000000e5dfc608,0x00000000e5e00000)
  to   space 30720K, 0% used [0x00000000e8080000,0x00000000e8080000,0x00000000e9e80000)
 ParOldGen       total 111616K, used 24507K [0x00000000a0000000, 0x00000000a6d00000, 0x00000000e0000000)
  object space 111616K, 21% used [0x00000000a0000000,0x00000000a17eeef0,0x00000000a6d00000)
 Metaspace       used 46407K, capacity 47151K, committed 47400K, reserved 1091584K
  class space    used 5694K, capacity 5875K, committed 5936K, reserved 1048576K
}

