# JRE version: OpenJDK Runtime Environment (8.0_152-b02) (build 1.8.0_152-release-1024-b02)
# Java VM: OpenJDK 64-Bit Server VM (25.152-b02 mixed mode windows-amd64 compressed oops)
Heap:
 PSYoungGen      total 70656K, used 49794K [0x00000000e0000000, 0x00000000e6080000, 0x0000000100000000)
  eden space 54784K, 61% used [0x00000000e0000000,0x00000000e2128b78,0x00000000e3580000)
  from space 15872K, 99% used [0x00000000e4880000,0x00000000e57f8028,0x00000000e5800000)
  to   space 19456K, 0% used [0x00000000e3580000,0x00000000e3580000,0x00000000e4880000)
 ParOldGen       total 108544K, used 19289K [0x00000000a0000000, 0x00000000a6a00000, 0x00000000e0000000)
  object space 108544K, 17% used [0x00000000a0000000,0x00000000a12d65b0,0x00000000a6a00000)
 Metaspace       used 43135K, capacity 43803K, committed 44288K, reserved 1087488K
  class space    used 5363K, capacity 5537K, committed 5632K, reserved 1048576K
GC Heap History (10 events):
Event: 6.212 GC heap before
{Heap before GC invocations=7 (full 2):
 PSYoungGen      total 38400K, used 38380K [0x00000000e0000000, 0x00000000e3c00000, 0x0000000100000000)
  eden space 33280K, 100% used [0x00000000e0000000,0x00000000e2080000,0x00000000e2080000)
  from space 5120K, 99% used [0x00000000e2580000,0x00000000e2a7b0e8,0x00000000e2a80000)
  to   space 5120K, 0% used [0x00000000e2080000,0x00000000e2080000,0x00000000e2580000)
 ParOldGen       total 66048K, used 12335K [0x00000000a0000000, 0x00000000a4080000, 0x00000000e0000000)
  object space 66048K, 18% used [0x00000000a0000000,0x00000000a0c0bcf8,0x00000000a4080000)
 Metaspace       used 30419K, capacity 30854K, committed 31104K, reserved 1077248K
  class space    used 3826K, capacity 3957K, committed 3968K, reserved 1048576K
Event: 6.222 GC heap after
Heap after GC invocations=7 (full 2):
 PSYoungGen      total 38400K, used 5117K [0x00000000e0000000, 0x00000000e3c80000, 0x0000000100000000)
  eden space 33280K, 0% used [0x00000000e0000000,0x00000000e0000000,0x00000000e2080000)
  from space 5120K, 99% used [0x00000000e2080000,0x00000000e257f508,0x00000000e2580000)
  to   space 5120K, 0% used [0x00000000e3780000,0x00000000e3780000,0x00000000e3c80000)
 ParOldGen       total 66048K, used 19885K [0x00000000a0000000, 0x00000000a4080000, 0x00000000e0000000)
  object space 66048K, 30% used [0x00000000a0000000,0x00000000a136b538,0x00000000a4080000)
 Metaspace       used 30419K, capacity 30854K, committed 31104K, reserved 1077248K
  class space    used 3826K, capacity 3957K, committed 3968K, reserved 1048576K
}
Event: 6.720 GC heap before
{Heap before GC invocations=8 (full 2):
 PSYoungGen      total 38400K, used 28243K [0x00000000e0000000, 0x00000000e3c80000, 0x0000000100000000)
  eden space 33280K, 69% used [0x00000000e0000000,0x00000000e1695930,0x00000000e2080000)
  from space 5120K, 99% used [0x00000000e2080000,0x00000000e257f508,0x00000000e2580000)
  to   space 5120K, 0% used [0x00000000e3780000,0x00000000e3780000,0x00000000e3c80000)
 ParOldGen       total 66048K, used 19885K [0x00000000a0000000, 0x00000000a4080000, 0x00000000e0000000)
  object space 66048K, 30% used [0x00000000a0000000,0x00000000a136b538,0x00000000a4080000)
 Metaspace       used 34747K, capacity 35220K, committed 35456K, reserved 1081344K
  class space    used 4337K, capacity 4460K, committed 4480K, reserved 1048576K
Event: 6.730 GC heap after
Heap after GC invocations=8 (full 2):
 PSYoungGen      total 47104K, used 5105K [0x00000000e0000000, 0x00000000e5080000, 0x0000000100000000)
  eden space 41984K, 0% used [0x00000000e0000000,0x00000000e0000000,0x00000000e2900000)
  from space 5120K, 99% used [0x00000000e3780000,0x00000000e3c7c518,0x00000000e3c80000)
  to   space 14848K, 0% used [0x00000000e2900000,0x00000000e2900000,0x00000000e3780000)
 ParOldGen       total 66048K, used 25463K [0x00000000a0000000, 0x00000000a4080000, 0x00000000e0000000)
  object space 66048K, 38% used [0x00000000a0000000,0x00000000a18ddc78,0x00000000a4080000)
 Metaspace       used 34747K, capacity 35220K, committed 35456K, reserved 1081344K
  class space    used 4337K, capacity 4460K, committed 4480K, reserved 1048576K
}
Event: 6.730 GC heap before
{Heap before GC invocations=9 (full 3):
 PSYoungGen      total 47104K, used 5105K [0x00000000e0000000, 0x00000000e5080000, 0x0000000100000000)
  eden space 41984K, 0% used [0x00000000e0000000,0x00000000e0000000,0x00000000e2900000)
  from space 5120K, 99% used [0x00000000e3780000,0x00000000e3c7c518,0x00000000e3c80000)
  to   space 14848K, 0% used [0x00000000e2900000,0x00000000e2900000,0x00000000e3780000)
 ParOldGen       total 66048K, used 25463K [0x00000000a0000000, 0x00000000a4080000, 0x00000000e0000000)
  object space 66048K, 38% used [0x00000000a0000000,0x00000000a18ddc78,0x00000000a4080000)
 Metaspace       used 34747K, capacity 35220K, committed 35456K, reserved 1081344K
  class space    used 4337K, capacity 4460K, committed 4480K, reserved 1048576K
Event: 6.803 GC heap after
Heap after GC invocations=9 (full 3):
 PSYoungGen      total 47104K, used 0K [0x00000000e0000000, 0x00000000e5080000, 0x0000000100000000)
  eden space 41984K, 0% used [0x00000000e0000000,0x00000000e0000000,0x00000000e2900000)
  from space 5120K, 0% used [0x00000000e3780000,0x00000000e3780000,0x00000000e3c80000)
  to   space 14848K, 0% used [0x00000000e2900000,0x00000000e2900000,0x00000000e3780000)
 ParOldGen       total 108544K, used 16422K [0x00000000a0000000, 0x00000000a6a00000, 0x00000000e0000000)
  object space 108544K, 15% used [0x00000000a0000000,0x00000000a1009a50,0x00000000a6a00000)
 Metaspace       used 34747K, capacity 35220K, committed 35456K, reserved 1081344K
  class space    used 4337K, capacity 4460K, committed 4480K, reserved 1048576K
}
Event: 7.251 GC heap before
{Heap before GC invocations=10 (full 3):
 PSYoungGen      total 47104K, used 41984K [0x00000000e0000000, 0x00000000e5080000, 0x0000000100000000)
  eden space 41984K, 100% used [0x00000000e0000000,0x00000000e2900000,0x00000000e2900000)
  from space 5120K, 0% used [0x00000000e3780000,0x00000000e3780000,0x00000000e3c80000)
  to   space 14848K, 0% used [0x00000000e2900000,0x00000000e2900000,0x00000000e3780000)
 ParOldGen       total 108544K, used 16422K [0x00000000a0000000, 0x00000000a6a00000, 0x00000000e0000000)
  object space 108544K, 15% used [0x00000000a0000000,0x00000000a1009a50,0x00000000a6a00000)
 Metaspace       used 37216K, capacity 37792K, committed 38144K, reserved 1083392K
  class space    used 4638K, capacity 4760K, committed 4864K, reserved 1048576K
Event: 7.263 GC heap after
Heap after GC invocations=10 (full 3):
 PSYoungGen      total 56832K, used 12036K [0x00000000e0000000, 0x00000000e5800000, 0x0000000100000000)
  eden space 41984K, 0% used [0x00000000e0000000,0x00000000e0000000,0x00000000e2900000)
  from space 14848K, 81% used [0x00000000e2900000,0x00000000e34c10a8,0x00000000e3780000)
  to   space 15872K, 0% used [0x00000000e4880000,0x00000000e4880000,0x00000000e5800000)
 ParOldGen       total 108544K, used 16430K [0x00000000a0000000, 0x00000000a6a00000, 0x00000000e0000000)
  object space 108544K, 15% used [0x00000000a0000000,0x00000000a100ba50,0x00000000a6a00000)
 Metaspace       used 37216K, capacity 37792K, committed 38144K, reserved 1083392K
  class space    used 4638K, capacity 4760K, committed 4864K, reserved 1048576K
}
Event: 7.907 GC heap before
{Heap before GC invocations=11 (full 3):
 PSYoungGen      total 56832K, used 54020K [0x00000000e0000000, 0x00000000e5800000, 0x0000000100000000)
  eden space 41984K, 100% used [0x00000000e0000000,0x00000000e2900000,0x00000000e2900000)
  from space 14848K, 81% used [0x00000000e2900000,0x00000000e34c10a8,0x00000000e3780000)
  to   space 15872K, 0% used [0x00000000e4880000,0x00000000e4880000,0x00000000e5800000)
 ParOldGen       total 108544K, used 16430K [0x00000000a0000000, 0x00000000a6a00000, 0x00000000e0000000)
  object space 108544K, 15% used [0x00000000a0000000,0x00000000a100ba50,0x00000000a6a00000)
 Metaspace       used 40811K, capacity 41391K, committed 41856K, reserved 1085440K
  class space    used 5004K, capacity 5167K, committed 5248K, reserved 1048576K
Event: 7.923 GC heap after
Heap after GC invocations=11 (full 3):
 PSYoungGen      total 70656K, used 15840K [0x00000000e0000000, 0x00000000e6080000, 0x0000000100000000)
  eden space 54784K, 0% used [0x00000000e0000000,0x00000000e0000000,0x00000000e3580000)
  from space 15872K, 99% used [0x00000000e4880000,0x00000000e57f8028,0x00000000e5800000)
  to   space 19456K, 0% used [0x00000000e3580000,0x00000000e3580000,0x00000000e4880000)
 ParOldGen       total 108544K, used 19289K [0x00000000a0000000, 0x00000000a6a00000, 0x00000000e0000000)
  object space 108544K, 17% used [0x00000000a0000000,0x00000000a12d65b0,0x00000000a6a00000)
 Metaspace       used 40811K, capacity 41391K, committed 41856K, reserved 1085440K
  class space    used 5004K, capacity 5167K, committed 5248K, reserved 1048576K
}

