# JRE version: OpenJDK Runtime Environment (8.0_152-b02) (build 1.8.0_152-release-1024-b02)
# Java VM: OpenJDK 64-Bit Server VM (25.152-b02 mixed mode windows-amd64 compressed oops)
Heap:
 PSYoungGen      total 74240K, used 51827K [0x00000000fab00000, 0x0000000100000000, 0x0000000100000000)
  eden space 63488K, 81% used [0x00000000fab00000,0x00000000fdd9cfa0,0x00000000fe900000)
  from space 10752K, 0% used [0x00000000ff580000,0x00000000ff580000,0x0000000100000000)
  to   space 11776K, 0% used [0x00000000fe900000,0x00000000fe900000,0x00000000ff480000)
 ParOldGen       total 96256K, used 16403K [0x00000000f0000000, 0x00000000f5e00000, 0x00000000fab00000)
  object space 96256K, 17% used [0x00000000f0000000,0x00000000f1004d90,0x00000000f5e00000)
 Metaspace       used 37039K, capacity 37650K, committed 37976K, reserved 1081344K
  class space    used 5040K, capacity 5247K, committed 5248K, reserved 1048576K
GC Heap History (10 events):
Event: 3.060 GC heap before
{Heap before GC invocations=6 (full 1):
 PSYoungGen      total 71680K, used 5104K [0x00000000fab00000, 0x0000000100000000, 0x0000000100000000)
  eden space 66560K, 0% used [0x00000000fab00000,0x00000000fab00000,0x00000000fec00000)
  from space 5120K, 99% used [0x00000000fec00000,0x00000000ff0fc060,0x00000000ff100000)
  to   space 10240K, 0% used [0x00000000ff600000,0x00000000ff600000,0x0000000100000000)
 ParOldGen       total 87552K, used 8102K [0x00000000f0000000, 0x00000000f5580000, 0x00000000fab00000)
  object space 87552K, 9% used [0x00000000f0000000,0x00000000f07e9ab8,0x00000000f5580000)
 Metaspace       used 20751K, capacity 21062K, committed 21248K, reserved 1067008K
  class space    used 2882K, capacity 2985K, committed 3072K, reserved 1048576K
Event: 3.098 GC heap after
Heap after GC invocations=6 (full 1):
 PSYoungGen      total 71680K, used 0K [0x00000000fab00000, 0x0000000100000000, 0x0000000100000000)
  eden space 66560K, 0% used [0x00000000fab00000,0x00000000fab00000,0x00000000fec00000)
  from space 5120K, 0% used [0x00000000fec00000,0x00000000fec00000,0x00000000ff100000)
  to   space 10240K, 0% used [0x00000000ff600000,0x00000000ff600000,0x0000000100000000)
 ParOldGen       total 60416K, used 8144K [0x00000000f0000000, 0x00000000f3b00000, 0x00000000fab00000)
  object space 60416K, 13% used [0x00000000f0000000,0x00000000f07f4048,0x00000000f3b00000)
 Metaspace       used 20751K, capacity 21062K, committed 21248K, reserved 1067008K
  class space    used 2882K, capacity 2985K, committed 3072K, reserved 1048576K
}
Event: 4.071 GC heap before
{Heap before GC invocations=7 (full 1):
 PSYoungGen      total 71680K, used 66560K [0x00000000fab00000, 0x0000000100000000, 0x0000000100000000)
  eden space 66560K, 100% used [0x00000000fab00000,0x00000000fec00000,0x00000000fec00000)
  from space 5120K, 0% used [0x00000000fec00000,0x00000000fec00000,0x00000000ff100000)
  to   space 10240K, 0% used [0x00000000ff600000,0x00000000ff600000,0x0000000100000000)
 ParOldGen       total 60416K, used 8144K [0x00000000f0000000, 0x00000000f3b00000, 0x00000000fab00000)
  object space 60416K, 13% used [0x00000000f0000000,0x00000000f07f4048,0x00000000f3b00000)
 Metaspace       used 26390K, capacity 26704K, committed 27136K, reserved 1073152K
  class space    used 3623K, capacity 3746K, committed 3840K, reserved 1048576K
Event: 4.086 GC heap after
Heap after GC invocations=7 (full 1):
 PSYoungGen      total 76800K, used 7546K [0x00000000fab00000, 0x0000000100000000, 0x0000000100000000)
  eden space 66560K, 0% used [0x00000000fab00000,0x00000000fab00000,0x00000000fec00000)
  from space 10240K, 73% used [0x00000000ff600000,0x00000000ffd5e810,0x0000000100000000)
  to   space 10240K, 0% used [0x00000000fec00000,0x00000000fec00000,0x00000000ff600000)
 ParOldGen       total 60416K, used 8152K [0x00000000f0000000, 0x00000000f3b00000, 0x00000000fab00000)
  object space 60416K, 13% used [0x00000000f0000000,0x00000000f07f6048,0x00000000f3b00000)
 Metaspace       used 26390K, capacity 26704K, committed 27136K, reserved 1073152K
  class space    used 3623K, capacity 3746K, committed 3840K, reserved 1048576K
}
Event: 4.903 GC heap before
{Heap before GC invocations=8 (full 1):
 PSYoungGen      total 76800K, used 74106K [0x00000000fab00000, 0x0000000100000000, 0x0000000100000000)
  eden space 66560K, 100% used [0x00000000fab00000,0x00000000fec00000,0x00000000fec00000)
  from space 10240K, 73% used [0x00000000ff600000,0x00000000ffd5e810,0x0000000100000000)
  to   space 10240K, 0% used [0x00000000fec00000,0x00000000fec00000,0x00000000ff600000)
 ParOldGen       total 60416K, used 8152K [0x00000000f0000000, 0x00000000f3b00000, 0x00000000fab00000)
  object space 60416K, 13% used [0x00000000f0000000,0x00000000f07f6048,0x00000000f3b00000)
 Metaspace       used 29997K, capacity 30396K, committed 30720K, reserved 1075200K
  class space    used 4177K, capacity 4337K, committed 4352K, reserved 1048576K
Event: 4.910 GC heap after
Heap after GC invocations=8 (full 1):
 PSYoungGen      total 76288K, used 9551K [0x00000000fab00000, 0x0000000100000000, 0x0000000100000000)
  eden space 66560K, 0% used [0x00000000fab00000,0x00000000fab00000,0x00000000fec00000)
  from space 9728K, 98% used [0x00000000fec00000,0x00000000ff553cb8,0x00000000ff580000)
  to   space 10752K, 0% used [0x00000000ff580000,0x00000000ff580000,0x0000000100000000)
 ParOldGen       total 60416K, used 8160K [0x00000000f0000000, 0x00000000f3b00000, 0x00000000fab00000)
  object space 60416K, 13% used [0x00000000f0000000,0x00000000f07f8048,0x00000000f3b00000)
 Metaspace       used 29997K, capacity 30396K, committed 30720K, reserved 1075200K
  class space    used 4177K, capacity 4337K, committed 4352K, reserved 1048576K
}
Event: 5.273 GC heap before
{Heap before GC invocations=9 (full 1):
 PSYoungGen      total 76288K, used 35314K [0x00000000fab00000, 0x0000000100000000, 0x0000000100000000)
  eden space 66560K, 38% used [0x00000000fab00000,0x00000000fc428d18,0x00000000fec00000)
  from space 9728K, 98% used [0x00000000fec00000,0x00000000ff553cb8,0x00000000ff580000)
  to   space 10752K, 0% used [0x00000000ff580000,0x00000000ff580000,0x0000000100000000)
 ParOldGen       total 60416K, used 8160K [0x00000000f0000000, 0x00000000f3b00000, 0x00000000fab00000)
  object space 60416K, 13% used [0x00000000f0000000,0x00000000f07f8048,0x00000000f3b00000)
 Metaspace       used 34833K, capacity 35268K, committed 35416K, reserved 1079296K
  class space    used 4761K, capacity 4946K, committed 4992K, reserved 1048576K
Event: 5.281 GC heap after
Heap after GC invocations=9 (full 1):
 PSYoungGen      total 74240K, used 9863K [0x00000000fab00000, 0x0000000100000000, 0x0000000100000000)
  eden space 63488K, 0% used [0x00000000fab00000,0x00000000fab00000,0x00000000fe900000)
  from space 10752K, 91% used [0x00000000ff580000,0x00000000fff21de0,0x0000000100000000)
  to   space 11776K, 0% used [0x00000000fe900000,0x00000000fe900000,0x00000000ff480000)
 ParOldGen       total 60416K, used 8168K [0x00000000f0000000, 0x00000000f3b00000, 0x00000000fab00000)
  object space 60416K, 13% used [0x00000000f0000000,0x00000000f07fa048,0x00000000f3b00000)
 Metaspace       used 34833K, capacity 35268K, committed 35416K, reserved 1079296K
  class space    used 4761K, capacity 4946K, committed 4992K, reserved 1048576K
}
Event: 5.281 GC heap before
{Heap before GC invocations=10 (full 2):
 PSYoungGen      total 74240K, used 9863K [0x00000000fab00000, 0x0000000100000000, 0x0000000100000000)
  eden space 63488K, 0% used [0x00000000fab00000,0x00000000fab00000,0x00000000fe900000)
  from space 10752K, 91% used [0x00000000ff580000,0x00000000fff21de0,0x0000000100000000)
  to   space 11776K, 0% used [0x00000000fe900000,0x00000000fe900000,0x00000000ff480000)
 ParOldGen       total 60416K, used 8168K [0x00000000f0000000, 0x00000000f3b00000, 0x00000000fab00000)
  object space 60416K, 13% used [0x00000000f0000000,0x00000000f07fa048,0x00000000f3b00000)
 Metaspace       used 34833K, capacity 35268K, committed 35416K, reserved 1079296K
  class space    used 4761K, capacity 4946K, committed 4992K, reserved 1048576K
Event: 5.355 GC heap after
Heap after GC invocations=10 (full 2):
 PSYoungGen      total 74240K, used 0K [0x00000000fab00000, 0x0000000100000000, 0x0000000100000000)
  eden space 63488K, 0% used [0x00000000fab00000,0x00000000fab00000,0x00000000fe900000)
  from space 10752K, 0% used [0x00000000ff580000,0x00000000ff580000,0x0000000100000000)
  to   space 11776K, 0% used [0x00000000fe900000,0x00000000fe900000,0x00000000ff480000)
 ParOldGen       total 96256K, used 16403K [0x00000000f0000000, 0x00000000f5e00000, 0x00000000fab00000)
  object space 96256K, 17% used [0x00000000f0000000,0x00000000f1004d90,0x00000000f5e00000)
 Metaspace       used 34833K, capacity 35268K, committed 35416K, reserved 1079296K
  class space    used 4761K, capacity 4946K, committed 4992K, reserved 1048576K
}

