# JRE version: OpenJDK Runtime Environment (8.0_152-b02) (build 1.8.0_152-release-1024-b02)
# Java VM: OpenJDK 64-Bit Server VM (25.152-b02 mixed mode windows-amd64 compressed oops)
Heap:
 PSYoungGen      total 138240K, used 65266K [0x00000000d5b00000, 0x00000000e1580000, 0x0000000100000000)
  eden space 133120K, 49% used [0x00000000d5b00000,0x00000000d9abc980,0x00000000ddd00000)
  from space 5120K, 0% used [0x00000000ddd00000,0x00000000ddd00000,0x00000000de200000)
  to   space 23552K, 0% used [0x00000000dfe80000,0x00000000dfe80000,0x00000000e1580000)
 ParOldGen       total 130048K, used 27514K [0x0000000081000000, 0x0000000088f00000, 0x00000000d5b00000)
  object space 130048K, 21% used [0x0000000081000000,0x0000000082adeaa0,0x0000000088f00000)
 Metaspace       used 39331K, capacity 39851K, committed 40152K, reserved 1085440K
  class space    used 4894K, capacity 5027K, committed 5120K, reserved 1048576K
GC Heap History (10 events):
Event: 1.727 GC heap before
{Heap before GC invocations=3 (full 0):
 PSYoungGen      total 71680K, used 20611K [0x00000000d5b00000, 0x00000000da600000, 0x0000000100000000)
  eden space 66560K, 23% used [0x00000000d5b00000,0x00000000d6a23818,0x00000000d9c00000)
  from space 5120K, 99% used [0x00000000da100000,0x00000000da5fd720,0x00000000da600000)
  to   space 5120K, 0% used [0x00000000d9c00000,0x00000000d9c00000,0x00000000da100000)
 ParOldGen       total 87552K, used 6861K [0x0000000081000000, 0x0000000086580000, 0x00000000d5b00000)
  object space 87552K, 7% used [0x0000000081000000,0x00000000816b3768,0x0000000086580000)
 Metaspace       used 20781K, capacity 21116K, committed 21248K, reserved 1067008K
  class space    used 2639K, capacity 2792K, committed 2816K, reserved 1048576K
Event: 1.735 GC heap after
Heap after GC invocations=3 (full 0):
 PSYoungGen      total 71680K, used 5108K [0x00000000d5b00000, 0x00000000de700000, 0x0000000100000000)
  eden space 66560K, 0% used [0x00000000d5b00000,0x00000000d5b00000,0x00000000d9c00000)
  from space 5120K, 99% used [0x00000000d9c00000,0x00000000da0fd298,0x00000000da100000)
  to   space 5120K, 0% used [0x00000000de200000,0x00000000de200000,0x00000000de700000)
 ParOldGen       total 87552K, used 9348K [0x0000000081000000, 0x0000000086580000, 0x00000000d5b00000)
  object space 87552K, 10% used [0x0000000081000000,0x0000000081921220,0x0000000086580000)
 Metaspace       used 20781K, capacity 21116K, committed 21248K, reserved 1067008K
  class space    used 2639K, capacity 2792K, committed 2816K, reserved 1048576K
}
Event: 1.735 GC heap before
{Heap before GC invocations=4 (full 1):
 PSYoungGen      total 71680K, used 5108K [0x00000000d5b00000, 0x00000000de700000, 0x0000000100000000)
  eden space 66560K, 0% used [0x00000000d5b00000,0x00000000d5b00000,0x00000000d9c00000)
  from space 5120K, 99% used [0x00000000d9c00000,0x00000000da0fd298,0x00000000da100000)
  to   space 5120K, 0% used [0x00000000de200000,0x00000000de200000,0x00000000de700000)
 ParOldGen       total 87552K, used 9348K [0x0000000081000000, 0x0000000086580000, 0x00000000d5b00000)
  object space 87552K, 10% used [0x0000000081000000,0x0000000081921220,0x0000000086580000)
 Metaspace       used 20781K, capacity 21116K, committed 21248K, reserved 1067008K
  class space    used 2639K, capacity 2792K, committed 2816K, reserved 1048576K
Event: 1.768 GC heap after
Heap after GC invocations=4 (full 1):
 PSYoungGen      total 71680K, used 0K [0x00000000d5b00000, 0x00000000de700000, 0x0000000100000000)
  eden space 66560K, 0% used [0x00000000d5b00000,0x00000000d5b00000,0x00000000d9c00000)
  from space 5120K, 0% used [0x00000000d9c00000,0x00000000d9c00000,0x00000000da100000)
  to   space 5120K, 0% used [0x00000000de200000,0x00000000de200000,0x00000000de700000)
 ParOldGen       total 62976K, used 7350K [0x0000000081000000, 0x0000000084d80000, 0x00000000d5b00000)
  object space 62976K, 11% used [0x0000000081000000,0x000000008172db70,0x0000000084d80000)
 Metaspace       used 20781K, capacity 21116K, committed 21248K, reserved 1067008K
  class space    used 2639K, capacity 2792K, committed 2816K, reserved 1048576K
}
Event: 3.033 GC heap before
{Heap before GC invocations=5 (full 1):
 PSYoungGen      total 71680K, used 66560K [0x00000000d5b00000, 0x00000000de700000, 0x0000000100000000)
  eden space 66560K, 100% used [0x00000000d5b00000,0x00000000d9c00000,0x00000000d9c00000)
  from space 5120K, 0% used [0x00000000d9c00000,0x00000000d9c00000,0x00000000da100000)
  to   space 5120K, 0% used [0x00000000de200000,0x00000000de200000,0x00000000de700000)
 ParOldGen       total 62976K, used 7350K [0x0000000081000000, 0x0000000084d80000, 0x00000000d5b00000)
  object space 62976K, 11% used [0x0000000081000000,0x000000008172db70,0x0000000084d80000)
 Metaspace       used 30281K, capacity 30722K, committed 31104K, reserved 1077248K
  class space    used 3801K, capacity 3919K, committed 3968K, reserved 1048576K
Event: 3.048 GC heap after
Heap after GC invocations=5 (full 1):
 PSYoungGen      total 102400K, used 5093K [0x00000000d5b00000, 0x00000000de700000, 0x0000000100000000)
  eden space 97280K, 0% used [0x00000000d5b00000,0x00000000d5b00000,0x00000000dba00000)
  from space 5120K, 99% used [0x00000000de200000,0x00000000de6f9650,0x00000000de700000)
  to   space 5120K, 0% used [0x00000000ddd00000,0x00000000ddd00000,0x00000000de200000)
 ParOldGen       total 62976K, used 19451K [0x0000000081000000, 0x0000000084d80000, 0x00000000d5b00000)
  object space 62976K, 30% used [0x0000000081000000,0x00000000822fef38,0x0000000084d80000)
 Metaspace       used 30281K, capacity 30722K, committed 31104K, reserved 1077248K
  class space    used 3801K, capacity 3919K, committed 3968K, reserved 1048576K
}
Event: 3.901 GC heap before
{Heap before GC invocations=6 (full 1):
 PSYoungGen      total 102400K, used 67792K [0x00000000d5b00000, 0x00000000de700000, 0x0000000100000000)
  eden space 97280K, 64% used [0x00000000d5b00000,0x00000000d983a9e0,0x00000000dba00000)
  from space 5120K, 99% used [0x00000000de200000,0x00000000de6f9650,0x00000000de700000)
  to   space 5120K, 0% used [0x00000000ddd00000,0x00000000ddd00000,0x00000000de200000)
 ParOldGen       total 62976K, used 19451K [0x0000000081000000, 0x0000000084d80000, 0x00000000d5b00000)
  object space 62976K, 30% used [0x0000000081000000,0x00000000822fef38,0x0000000084d80000)
 Metaspace       used 34591K, capacity 35059K, committed 35416K, reserved 1081344K
  class space    used 4285K, capacity 4415K, committed 4480K, reserved 1048576K
Event: 3.919 GC heap after
Heap after GC invocations=6 (full 1):
 PSYoungGen      total 138240K, used 5117K [0x00000000d5b00000, 0x00000000e1580000, 0x0000000100000000)
  eden space 133120K, 0% used [0x00000000d5b00000,0x00000000d5b00000,0x00000000ddd00000)
  from space 5120K, 99% used [0x00000000ddd00000,0x00000000de1ff508,0x00000000de200000)
  to   space 23552K, 0% used [0x00000000dfe80000,0x00000000dfe80000,0x00000000e1580000)
 ParOldGen       total 62976K, used 36701K [0x0000000081000000, 0x0000000084d80000, 0x00000000d5b00000)
  object space 62976K, 58% used [0x0000000081000000,0x00000000833d7778,0x0000000084d80000)
 Metaspace       used 34591K, capacity 35059K, committed 35416K, reserved 1081344K
  class space    used 4285K, capacity 4415K, committed 4480K, reserved 1048576K
}
Event: 3.919 GC heap before
{Heap before GC invocations=7 (full 2):
 PSYoungGen      total 138240K, used 5117K [0x00000000d5b00000, 0x00000000e1580000, 0x0000000100000000)
  eden space 133120K, 0% used [0x00000000d5b00000,0x00000000d5b00000,0x00000000ddd00000)
  from space 5120K, 99% used [0x00000000ddd00000,0x00000000de1ff508,0x00000000de200000)
  to   space 23552K, 0% used [0x00000000dfe80000,0x00000000dfe80000,0x00000000e1580000)
 ParOldGen       total 62976K, used 36701K [0x0000000081000000, 0x0000000084d80000, 0x00000000d5b00000)
  object space 62976K, 58% used [0x0000000081000000,0x00000000833d7778,0x0000000084d80000)
 Metaspace       used 34591K, capacity 35059K, committed 35416K, reserved 1081344K
  class space    used 4285K, capacity 4415K, committed 4480K, reserved 1048576K
Event: 4.017 GC heap after
Heap after GC invocations=7 (full 2):
 PSYoungGen      total 138240K, used 0K [0x00000000d5b00000, 0x00000000e1580000, 0x0000000100000000)
  eden space 133120K, 0% used [0x00000000d5b00000,0x00000000d5b00000,0x00000000ddd00000)
  from space 5120K, 0% used [0x00000000ddd00000,0x00000000ddd00000,0x00000000de200000)
  to   space 23552K, 0% used [0x00000000dfe80000,0x00000000dfe80000,0x00000000e1580000)
 ParOldGen       total 130048K, used 27514K [0x0000000081000000, 0x0000000088f00000, 0x00000000d5b00000)
  object space 130048K, 21% used [0x0000000081000000,0x0000000082adeaa0,0x0000000088f00000)
 Metaspace       used 34591K, capacity 35059K, committed 35416K, reserved 1081344K
  class space    used 4285K, capacity 4415K, committed 4480K, reserved 1048576K
}

