# JRE version: OpenJDK Runtime Environment (8.0_152-b02) (build 1.8.0_152-release-1024-b02)
# Java VM: OpenJDK 64-Bit Server VM (25.152-b02 mixed mode windows-amd64 compressed oops)
Heap:
 PSYoungGen      total 102400K, used 66435K [0x00000000d5b00000, 0x00000000de700000, 0x0000000100000000)
  eden space 97280K, 68% used [0x00000000d5b00000,0x00000000d9be0f48,0x00000000dba00000)
  from space 5120K, 0% used [0x00000000ddd00000,0x00000000ddd00000,0x00000000de200000)
  to   space 5120K, 0% used [0x00000000de200000,0x00000000de200000,0x00000000de700000)
 ParOldGen       total 62976K, used 27657K [0x0000000081000000, 0x0000000084d80000, 0x00000000d5b00000)
  object space 62976K, 43% used [0x0000000081000000,0x0000000082b026e8,0x0000000084d80000)
 Metaspace       used 39568K, capacity 40141K, committed 40664K, reserved 1085440K
  class space    used 4906K, capacity 5060K, committed 5120K, reserved 1048576K
GC Heap History (10 events):
Event: 1.698 GC heap before
{Heap before GC invocations=3 (full 0):
 PSYoungGen      total 71680K, used 20594K [0x00000000d5b00000, 0x00000000da600000, 0x0000000100000000)
  eden space 66560K, 23% used [0x00000000d5b00000,0x00000000d6a202a8,0x00000000d9c00000)
  from space 5120K, 99% used [0x00000000da100000,0x00000000da5fc6e8,0x00000000da600000)
  to   space 5120K, 0% used [0x00000000d9c00000,0x00000000d9c00000,0x00000000da100000)
 ParOldGen       total 87552K, used 6789K [0x0000000081000000, 0x0000000086580000, 0x00000000d5b00000)
  object space 87552K, 7% used [0x0000000081000000,0x00000000816a17c0,0x0000000086580000)
 Metaspace       used 20744K, capacity 21110K, committed 21248K, reserved 1067008K
  class space    used 2640K, capacity 2791K, committed 2816K, reserved 1048576K
Event: 1.706 GC heap after
Heap after GC invocations=3 (full 0):
 PSYoungGen      total 71680K, used 5105K [0x00000000d5b00000, 0x00000000de700000, 0x0000000100000000)
  eden space 66560K, 0% used [0x00000000d5b00000,0x00000000d5b00000,0x00000000d9c00000)
  from space 5120K, 99% used [0x00000000d9c00000,0x00000000da0fc598,0x00000000da100000)
  to   space 5120K, 0% used [0x00000000de200000,0x00000000de200000,0x00000000de700000)
 ParOldGen       total 87552K, used 9167K [0x0000000081000000, 0x0000000086580000, 0x00000000d5b00000)
  object space 87552K, 10% used [0x0000000081000000,0x00000000818f3f60,0x0000000086580000)
 Metaspace       used 20744K, capacity 21110K, committed 21248K, reserved 1067008K
  class space    used 2640K, capacity 2791K, committed 2816K, reserved 1048576K
}
Event: 1.706 GC heap before
{Heap before GC invocations=4 (full 1):
 PSYoungGen      total 71680K, used 5105K [0x00000000d5b00000, 0x00000000de700000, 0x0000000100000000)
  eden space 66560K, 0% used [0x00000000d5b00000,0x00000000d5b00000,0x00000000d9c00000)
  from space 5120K, 99% used [0x00000000d9c00000,0x00000000da0fc598,0x00000000da100000)
  to   space 5120K, 0% used [0x00000000de200000,0x00000000de200000,0x00000000de700000)
 ParOldGen       total 87552K, used 9167K [0x0000000081000000, 0x0000000086580000, 0x00000000d5b00000)
  object space 87552K, 10% used [0x0000000081000000,0x00000000818f3f60,0x0000000086580000)
 Metaspace       used 20744K, capacity 21110K, committed 21248K, reserved 1067008K
  class space    used 2640K, capacity 2791K, committed 2816K, reserved 1048576K
Event: 1.741 GC heap after
Heap after GC invocations=4 (full 1):
 PSYoungGen      total 71680K, used 0K [0x00000000d5b00000, 0x00000000de700000, 0x0000000100000000)
  eden space 66560K, 0% used [0x00000000d5b00000,0x00000000d5b00000,0x00000000d9c00000)
  from space 5120K, 0% used [0x00000000d9c00000,0x00000000d9c00000,0x00000000da100000)
  to   space 5120K, 0% used [0x00000000de200000,0x00000000de200000,0x00000000de700000)
 ParOldGen       total 62976K, used 7309K [0x0000000081000000, 0x0000000084d80000, 0x00000000d5b00000)
  object space 62976K, 11% used [0x0000000081000000,0x0000000081723728,0x0000000084d80000)
 Metaspace       used 20744K, capacity 21110K, committed 21248K, reserved 1067008K
  class space    used 2640K, capacity 2791K, committed 2816K, reserved 1048576K
}
Event: 3.041 GC heap before
{Heap before GC invocations=5 (full 1):
 PSYoungGen      total 71680K, used 66560K [0x00000000d5b00000, 0x00000000de700000, 0x0000000100000000)
  eden space 66560K, 100% used [0x00000000d5b00000,0x00000000d9c00000,0x00000000d9c00000)
  from space 5120K, 0% used [0x00000000d9c00000,0x00000000d9c00000,0x00000000da100000)
  to   space 5120K, 0% used [0x00000000de200000,0x00000000de200000,0x00000000de700000)
 ParOldGen       total 62976K, used 7309K [0x0000000081000000, 0x0000000084d80000, 0x00000000d5b00000)
  object space 62976K, 11% used [0x0000000081000000,0x0000000081723728,0x0000000084d80000)
 Metaspace       used 30262K, capacity 30722K, committed 31104K, reserved 1077248K
  class space    used 3801K, capacity 3919K, committed 3968K, reserved 1048576K
Event: 3.057 GC heap after
Heap after GC invocations=5 (full 1):
 PSYoungGen      total 102400K, used 5093K [0x00000000d5b00000, 0x00000000de700000, 0x0000000100000000)
  eden space 97280K, 0% used [0x00000000d5b00000,0x00000000d5b00000,0x00000000dba00000)
  from space 5120K, 99% used [0x00000000de200000,0x00000000de6f9650,0x00000000de700000)
  to   space 5120K, 0% used [0x00000000ddd00000,0x00000000ddd00000,0x00000000de200000)
 ParOldGen       total 62976K, used 19350K [0x0000000081000000, 0x0000000084d80000, 0x00000000d5b00000)
  object space 62976K, 30% used [0x0000000081000000,0x00000000822e5920,0x0000000084d80000)
 Metaspace       used 30262K, capacity 30722K, committed 31104K, reserved 1077248K
  class space    used 3801K, capacity 3919K, committed 3968K, reserved 1048576K
}
Event: 3.832 GC heap before
{Heap before GC invocations=6 (full 1):
 PSYoungGen      total 102400K, used 69052K [0x00000000d5b00000, 0x00000000de700000, 0x0000000100000000)
  eden space 97280K, 65% used [0x00000000d5b00000,0x00000000d9975c68,0x00000000dba00000)
  from space 5120K, 99% used [0x00000000de200000,0x00000000de6f9650,0x00000000de700000)
  to   space 5120K, 0% used [0x00000000ddd00000,0x00000000ddd00000,0x00000000de200000)
 ParOldGen       total 62976K, used 19350K [0x0000000081000000, 0x0000000084d80000, 0x00000000d5b00000)
  object space 62976K, 30% used [0x0000000081000000,0x00000000822e5920,0x0000000084d80000)
 Metaspace       used 34596K, capacity 35046K, committed 35416K, reserved 1081344K
  class space    used 4295K, capacity 4415K, committed 4480K, reserved 1048576K
Event: 3.852 GC heap after
Heap after GC invocations=6 (full 1):
 PSYoungGen      total 102400K, used 5117K [0x00000000d5b00000, 0x00000000de700000, 0x0000000100000000)
  eden space 97280K, 0% used [0x00000000d5b00000,0x00000000d5b00000,0x00000000dba00000)
  from space 5120K, 99% used [0x00000000ddd00000,0x00000000de1ff4f8,0x00000000de200000)
  to   space 5120K, 0% used [0x00000000de200000,0x00000000de200000,0x00000000de700000)
 ParOldGen       total 62976K, used 35844K [0x0000000081000000, 0x0000000084d80000, 0x00000000d5b00000)
  object space 62976K, 56% used [0x0000000081000000,0x0000000083301058,0x0000000084d80000)
 Metaspace       used 34596K, capacity 35046K, committed 35416K, reserved 1081344K
  class space    used 4295K, capacity 4415K, committed 4480K, reserved 1048576K
}
Event: 3.852 GC heap before
{Heap before GC invocations=7 (full 2):
 PSYoungGen      total 102400K, used 5117K [0x00000000d5b00000, 0x00000000de700000, 0x0000000100000000)
  eden space 97280K, 0% used [0x00000000d5b00000,0x00000000d5b00000,0x00000000dba00000)
  from space 5120K, 99% used [0x00000000ddd00000,0x00000000de1ff4f8,0x00000000de200000)
  to   space 5120K, 0% used [0x00000000de200000,0x00000000de200000,0x00000000de700000)
 ParOldGen       total 62976K, used 35844K [0x0000000081000000, 0x0000000084d80000, 0x00000000d5b00000)
  object space 62976K, 56% used [0x0000000081000000,0x0000000083301058,0x0000000084d80000)
 Metaspace       used 34596K, capacity 35046K, committed 35416K, reserved 1081344K
  class space    used 4295K, capacity 4415K, committed 4480K, reserved 1048576K
Event: 3.967 GC heap after
Heap after GC invocations=7 (full 2):
 PSYoungGen      total 102400K, used 0K [0x00000000d5b00000, 0x00000000de700000, 0x0000000100000000)
  eden space 97280K, 0% used [0x00000000d5b00000,0x00000000d5b00000,0x00000000dba00000)
  from space 5120K, 0% used [0x00000000ddd00000,0x00000000ddd00000,0x00000000de200000)
  to   space 5120K, 0% used [0x00000000de200000,0x00000000de200000,0x00000000de700000)
 ParOldGen       total 62976K, used 27657K [0x0000000081000000, 0x0000000084d80000, 0x00000000d5b00000)
  object space 62976K, 43% used [0x0000000081000000,0x0000000082b026e8,0x0000000084d80000)
 Metaspace       used 34596K, capacity 35046K, committed 35416K, reserved 1081344K
  class space    used 4295K, capacity 4415K, committed 4480K, reserved 1048576K
}

